<?xml version="1.0" encoding="UTF-8"?>
<!-- Generated by org.testng.reporters.JUnitReportReporter -->
<testsuite skipped="0" hostname="DESKTOP-IHD58UK" name="qaclickacademy.SeleniumTest" tests="2" failures="0" timestamp="15 Dec 2019 07:19:51 GMT" time="0.021" errors="0">
  <testcase name="BrowserAUtomation" time="0.017" classname="qaclickacademy.SeleniumTest"/>
  <testcase name="elementsUi" time="0.004" classname="qaclickacademy.SeleniumTest"/>
</testsuite> <!-- qaclickacademy.SeleniumTest -->
